;Sonic 1 Object Listing File

;Sprite Listing Loads all sprites used to represent objects in this game
;- Set codes are as follows-
;  0 is stuff.spr
;  1 is s1obj1.spr
;  2 is s1obj2.spr
;  etc
;- xoff in file is the x position of the top-left corner of the sprite in
;  the file it will be loaded from
;- yoff in file is the y position of the top-left corner of the sprite in
;  the file it will be loaded from
;- Width is the width (in pixels) of the sprite
;- Height is the height (in pixels) of the sprite

      # of sprite sets:     1

 # of Sprites in set 0:    11

         ;RING
         Sprite 0 file:     1
          xoff in file:    98
          yoff in file:    15
                 Width:    16
                Height:    16

         ;QUESTION ICON
         Sprite 1 file:     1
          xoff in file:    81
          yoff in file:     0
                 Width:    16
                Height:    14

          ;RING ICON
         Sprite 2 file:     1
          xoff in file:    30
          yoff in file:     0
                 Width:    16
                Height:    14

         ;SHIELD ICON
         Sprite 3 file:     1
          xoff in file:    47
          yoff in file:     0
                 Width:    16
                Height:    14

         ;INVINCIBLE ICON
         Sprite 4 file:    1
          xoff in file:    30
          yoff in file:    15
                 Width:    16
                Height:    14

         ;SHOE ICON
         Sprite 5 file:     1
          xoff in file:    47
          yoff in file:    15
                 Width:    16
                Height:    14

         ;S ICON
         Sprite 6 file:     1
          xoff in file:    64
          yoff in file:     0
                 Width:    16
                Height:    14

         ;SONIC ICON
         Sprite 7 file:     1
          xoff in file:    64
          yoff in file:    15
                 Width:    16
                Height:    14

         ;GOGGLES ICON
         Sprite 8 file:     1
          xoff in file:    81
          yoff in file:    15
                 Width:    16
                Height:    14

         ;EGGMAN ICON
         Sprite 9 file:     1
          xoff in file:    98
          yoff in file:     0
                 Width:    16
                Height:    14

        ;BLANK MONITOR
        Sprite 10 file:     1
          xoff in file:     0
          yoff in file:     0
                 Width:    30
                Height:    30

;Object Listing gives identity to each of the objects listed
;- Main ID is the high byte of the object value (hex value)
;- Secondary ID is the low byte of the object's value (hex value)
;- # of Zones is the number of zones that contain a different definition
;  for this object. If the object remains constant, it must be set to 1.
;  Values after this repeat for as many times as the value of this entry
;- Zone Entry is the zone that this object entry is valid in. All entries
;  must at least have a default entry (the data used on all levels that
;  do not have any extra data specifically listed for them). If the entry
;  is the default entry, this value must be 0x18 (hex value)
;- XMin the leftmost offset (in pixels) from the object position that the
;  mouse pointer can touch
;- XMax the rightmost offset (in pixels) from the object position that the
;  mouse pointer can touch
;- YMin the topmost offset (in pixels) from the object position that the
;  mouse pointer can touch
;- YMax the bottommost offset (in pixels) from the object position that the
;  mouse pointer can touch
;- Description contains a (40 char max) textual description of the object
;- Property ? indicates that the following information is for any of the
;  special properties (the third number listed inside SonED). There are
;  0x0F (16) of these, and not all of them represent something unique.
;  If the value here is set to the value of the current entry or above,
;  then you will need to enter the following types of data for this entry.
;  If the value is set to the value of a previous entry, then the data
;  will be taken from that entry instead, and you need-not list anything.
;  All data prompts for this entry are preceded by a -.
;- # of Sprites is how many individual sprites to combine to make a visual
;  representation of this object (all qualities of individual sprites are
;  listed after this item with a - at the beginning)
;- Sprite ? ID is the ID number of the sprite (in it's respective set) that
;  you wish to be drawn
;- Set is the sprite set in which the sprite you want is located
;- Direction is the direction you would like the sprite to be drawn-
;  * 0- Normal
;  * 1- Backwards
;  * 2- Upside-down
;  * 3- Backwards and Upside-down
;- xoff is the offset on the x axis from the objects position where you want
;  the sprite to be drawn
;- yoff is the offset on the y axis from the objects position where you want
;  the sprite to be drawn

Num of objects:  62

Object Main ID:  A6
  Secondary ID:  00 
+   # of Zones:   1
+   Zone Entry:  18
          XMin: -16
          XMax:  16
          YMin: -16
          YMax:  16
   Description: monitor: blank
  * Property 0:   0
 - Description: property unknown
  # of Sprites:   1
  -Sprite 1 ID:  10
  -        Set:   0
  -  Direction:   0
  -       xoff: -15
  -       yoff: -15
  * Property 1:   0
  * Property 2:   0
  * Property 3:   0
  * Property 4:   0
  * Property 5:   0
  * Property 6:   0
  * Property 7:   0
  * Property 8:   0
  * Property 9:   0
  * Property A:   0
  * Property B:   0
  * Property C:   0
  * Property D:   0
  * Property E:   0
  * Property F:   0

Object Main ID:  A6
  Secondary ID:  01
+   # of Zones:   1
+   Zone Entry:  18
          XMin: -16
          XMax:  16
          YMin: -16
          YMax:  16
   Description: monitor: eggman (ineffective)
  * Property 0:   0
 - Description: property unknown
  # of Sprites:   2
  -Sprite 1 ID:  10
  -        Set:   0
  -  Direction:   0
  -       xoff: -15
  -       yoff: -15
  -Sprite 2 ID:   9
  -        Set:   0
  -  Direction:   0
  -       xoff:  -8
  -       yoff: -10
  * Property 1:   0
  * Property 2:   0
  * Property 3:   0
  * Property 4:   0
  * Property 5:   0
  * Property 6:   0
  * Property 7:   0
  * Property 8:   0
  * Property 9:   0
  * Property A:   0
  * Property B:   0
  * Property C:   0
  * Property D:   0
  * Property E:   0
  * Property F:   0

Object Main ID:  A6
  Secondary ID:  02
+   # of Zones:   1
+   Zone Entry:  18
          XMin: -16
          XMax:  16
          YMin: -16
          YMax:  16
   Description: monitor: 1up
  * Property 0:   0
 - Description: property unknown
  # of Sprites:   2
  -Sprite 1 ID:  10
  -        Set:   0
  -  Direction:   0
  -       xoff: -15
  -       yoff: -15
  -Sprite 2 ID:   7
  -        Set:   0
  -  Direction:   0
  -       xoff:  -8
  -       yoff: -10
  * Property 1:   0
  * Property 2:   0
  * Property 3:   0
  * Property 4:   0
  * Property 5:   0
  * Property 6:   0
  * Property 7:   0
  * Property 8:   0
  * Property 9:   0
  * Property A:   0
  * Property B:   0
  * Property C:   0
  * Property D:   0
  * Property E:   0
  * Property F:   0

Object Main ID:  A6
  Secondary ID:  03
+   # of Zones:   1
+   Zone Entry:  18
          XMin: -16
          XMax:  16
          YMin: -16
          YMax:  16
   Description: monitor: super sneakers
  * Property 0:   0
 - Description: property unknown
  # of Sprites:   2
  -Sprite 1 ID:  10
  -        Set:   0
  -  Direction:   0
  -       xoff: -15
  -       yoff: -15
  -Sprite 2 ID:   5
  -        Set:   0
  -  Direction:   0
  -       xoff:  -8
  -       yoff: -10
  * Property 1:   0
  * Property 2:   0
  * Property 3:   0
  * Property 4:   0
  * Property 5:   0
  * Property 6:   0
  * Property 7:   0
  * Property 8:   0
  * Property 9:   0
  * Property A:   0
  * Property B:   0
  * Property C:   0
  * Property D:   0
  * Property E:   0
  * Property F:   0

Object Main ID:  A6
  Secondary ID:  04
+   # of Zones:   1
+   Zone Entry:  18
          XMin: -16
          XMax:  16
          YMin: -16
          YMax:  16
   Description: monitor: shield
  * Property 0:   0
 - Description: property unknown
  # of Sprites:   2
  -Sprite 1 ID:  10
  -        Set:   0
  -  Direction:   0
  -       xoff: -15
  -       yoff: -15
  -Sprite 2 ID:   3
  -        Set:   0
  -  Direction:   0
  -       xoff:  -8
  -       yoff: -10
  * Property 1:   0
  * Property 2:   0
  * Property 3:   0
  * Property 4:   0
  * Property 5:   0
  * Property 6:   0
  * Property 7:   0
  * Property 8:   0
  * Property 9:   0
  * Property A:   0
  * Property B:   0
  * Property C:   0
  * Property D:   0
  * Property E:   0
  * Property F:   0

Object Main ID:  A6
  Secondary ID:  05
+   # of Zones:   1
+   Zone Entry:  18
          XMin: -16
          XMax:  16
          YMin: -16
          YMax:  16
   Description: monitor: invincibility
  * Property 0:   0
 - Description: property unknown
  # of Sprites:   2
  -Sprite 1 ID:  10
  -        Set:   0
  -  Direction:   0
  -       xoff: -15
  -       yoff: -15
  -Sprite 2 ID:   4
  -        Set:   0
  -  Direction:   0
  -       xoff:  -8
  -       yoff: -10
  * Property 1:   0
  * Property 2:   0
  * Property 3:   0
  * Property 4:   0
  * Property 5:   0
  * Property 6:   0
  * Property 7:   0
  * Property 8:   0
  * Property 9:   0
  * Property A:   0
  * Property B:   0
  * Property C:   0
  * Property D:   0
  * Property E:   0
  * Property F:   0

Object Main ID:  A6
  Secondary ID:  06 
+   # of Zones:   1
+   Zone Entry:  18
          XMin: -16
          XMax:  16
          YMin: -16
          YMax:  16
   Description: monitor: super ring (10 rings)
  * Property 0:   0
 - Description: property unknown
  # of Sprites:   2
  -Sprite 1 ID:  10
  -        Set:   0
  -  Direction:   0
  -       xoff: -15
  -       yoff: -15
  -Sprite 2 ID:   2
  -        Set:   0
  -  Direction:   0
  -       xoff:  -8
  -       yoff: -10
  * Property 1:   0
  * Property 2:   0
  * Property 3:   0
  * Property 4:   0
  * Property 5:   0
  * Property 6:   0
  * Property 7:   0
  * Property 8:   0
  * Property 9:   0
  * Property A:   0
  * Property B:   0
  * Property C:   0
  * Property D:   0
  * Property E:   0
  * Property F:   0

Object Main ID:  A6
  Secondary ID:  07
+   # of Zones:   1
+   Zone Entry:  18
          XMin: -16
          XMax:  16
          YMin: -16
          YMax:  16
   Description: monitor: "s" (ineffective)
  * Property 0:   0
 - Description: property unknown
  # of Sprites:   2
  -Sprite 1 ID:  10
  -        Set:   0
  -  Direction:   0
  -       xoff: -15
  -       yoff: -15
  -Sprite 2 ID:   6
  -        Set:   0
  -  Direction:   0
  -       xoff:  -8
  -       yoff: -10
  * Property 1:   0
  * Property 2:   0
  * Property 3:   0
  * Property 4:   0
  * Property 5:   0
  * Property 6:   0
  * Property 7:   0
  * Property 8:   0
  * Property 9:   0
  * Property A:   0
  * Property B:   0
  * Property C:   0
  * Property D:   0
  * Property E:   0
  * Property F:   0

Object Main ID:  A6
  Secondary ID:  08
+   # of Zones:   1
+   Zone Entry:  18
          XMin: -16
          XMax:  16
          YMin: -16
          YMax:  16
   Description: monitor: goggles (ineffective)
  * Property 0:   0
 - Description: property unknown
  # of Sprites:   2
  -Sprite 1 ID:  10
  -        Set:   0
  -  Direction:   0
  -       xoff: -15
  -       yoff: -15
  -Sprite 2 ID:   8
  -        Set:   0
  -  Direction:   0
  -       xoff:  -8
  -       yoff: -10
  * Property 1:   0
  * Property 2:   0
  * Property 3:   0
  * Property 4:   0
  * Property 5:   0
  * Property 6:   0
  * Property 7:   0
  * Property 8:   0
  * Property 9:   0
  * Property A:   0
  * Property B:   0
  * Property C:   0
  * Property D:   0
  * Property E:   0
  * Property F:   0

Object Main ID:  36
  Secondary ID:  00
+   # of Zones:   1
+   Zone Entry:  18
          XMin:  -8
          XMax:   8
          YMin:  -8
          YMax:   8
   Description: spike (single)
  * Property 0:   0
 - Description: property unknown
  # of Sprites:   1
  -Sprite 1 ID:   1
  -        Set:   0
  -  Direction:   0
  -       xoff:  -8
  -       yoff:  -8
  * Property 1:   0
  * Property 2:   0
  * Property 3:   0
  * Property 4:   0
  * Property 5:   0
  * Property 6:   0
  * Property 7:   0
  * Property 8:   0
  * Property 9:   0
  * Property A:   0
  * Property B:   0
  * Property C:   0
  * Property D:   0
  * Property E:   0
  * Property F:   0

Object Main ID:  36
  Secondary ID:  20
+   # of Zones:   1
+   Zone Entry:  18
          XMin:  -8
          XMax:   8
          YMin:  -8
          YMax:   8
   Description: spike (triple)
  * Property 0:   0
 - Description: property unknown
  # of Sprites:   1
  -Sprite 1 ID:   1
  -        Set:   0
  -  Direction:   0
  -       xoff:  -8
  -       yoff:  -8
  * Property 1:   0
  * Property 2:   0
  * Property 3:   0
  * Property 4:   0
  * Property 5:   0
  * Property 6:   0
  * Property 7:   0
  * Property 8:   0
  * Property 9:   0
  * Property A:   0
  * Property B:   0
  * Property C:   0
  * Property D:   0
  * Property E:   0
  * Property F:   0

Object Main ID:  36
  Secondary ID:  40
+   # of Zones:   1
+   Zone Entry:  18
          XMin:  -8
          XMax:   8
          YMin:  -8
          YMax:   8
   Description: spike (six)
  * Property 0:   0
 - Description: property unknown
  # of Sprites:   1
  -Sprite 1 ID:   1
  -        Set:   0
  -  Direction:   0
  -       xoff:  -8
  -       yoff:  -8
  * Property 1:   0
  * Property 2:   0
  * Property 3:   0
  * Property 4:   0
  * Property 5:   0
  * Property 6:   0
  * Property 7:   0
  * Property 8:   0
  * Property 9:   0
  * Property A:   0
  * Property B:   0
  * Property C:   0
  * Property D:   0
  * Property E:   0
  * Property F:   0

Object Main ID:  41
  Secondary ID:  02
+   # of Zones:   1
+   Zone Entry:  18
          XMin:  -8
          XMax:   8
          YMin:  -8
          YMax:   8
   Description: spring (up)
  * Property 0:   0
 - Description: property unknown
  # of Sprites:   1
  -Sprite 1 ID:   1
  -        Set:   0
  -  Direction:   0
  -       xoff:  -8
  -       yoff:  -8
  * Property 1:   0
  * Property 2:   0
  * Property 3:   0
  * Property 4:   0
  * Property 5:   0
  * Property 6:   0
  * Property 7:   0
  * Property 8:   0
  * Property 9:   0
  * Property A:   0
  * Property B:   0
  * Property C:   0
  * Property D:   0
  * Property E:   0
  * Property F:   0

Object Main ID:  F9
  Secondary ID:  01
+   # of Zones:   1
+   Zone Entry:  18
          XMin:  -8
          XMax:   8
          YMin:  -8
          YMax:   8
   Description: continue post (1st)
  * Property 0:   0
 - Description: property unknown
  # of Sprites:   1
  -Sprite 1 ID:   1
  -        Set:   0
  -  Direction:   0
  -       xoff:  -8
  -       yoff:  -8
  * Property 1:   0
  * Property 2:   0
  * Property 3:   0
  * Property 4:   0
  * Property 5:   0
  * Property 6:   0
  * Property 7:   0
  * Property 8:   0
  * Property 9:   0
  * Property A:   0
  * Property B:   0
  * Property C:   0
  * Property D:   0
  * Property E:   0
  * Property F:   0

Object Main ID:  F9
  Secondary ID:  02
+   # of Zones:   1
+   Zone Entry:  18
          XMin:  -8
          XMax:   8
          YMin:  -8
          YMax:   8
   Description: continue post (2nd)
  * Property 0:   0
 - Description: property unknown
  # of Sprites:   1
  -Sprite 1 ID:   1
  -        Set:   0
  -  Direction:   0
  -       xoff:  -8
  -       yoff:  -8
  * Property 1:   0
  * Property 2:   0
  * Property 3:   0
  * Property 4:   0
  * Property 5:   0
  * Property 6:   0
  * Property 7:   0
  * Property 8:   0
  * Property 9:   0
  * Property A:   0
  * Property B:   0
  * Property C:   0
  * Property D:   0
  * Property E:   0
  * Property F:   0

Object Main ID:  F9
  Secondary ID:  03
+   # of Zones:   1
+   Zone Entry:  18
          XMin:  -8
          XMax:   8
          YMin:  -8
          YMax:   8
   Description: continue post (3rd)
  * Property 0:   0
 - Description: property unknown
  # of Sprites:   1
  -Sprite 1 ID:   1
  -        Set:   0
  -  Direction:   0
  -       xoff:  -8
  -       yoff:  -8
  * Property 1:   0
  * Property 2:   0
  * Property 3:   0
  * Property 4:   0
  * Property 5:   0
  * Property 6:   0
  * Property 7:   0
  * Property 8:   0
  * Property 9:   0
  * Property A:   0
  * Property B:   0
  * Property C:   0
  * Property D:   0
  * Property E:   0
  * Property F:   0

Object Main ID:  F9
  Secondary ID:  04
+   # of Zones:   1
+   Zone Entry:  18
          XMin:  -8
          XMax:   8
          YMin:  -8
          YMax:   8
   Description: continue post (4th)
  * Property 0:   0
 - Description: property unknown
  # of Sprites:   1
  -Sprite 1 ID:   1
  -        Set:   0
  -  Direction:   0
  -       xoff:  -8
  -       yoff:  -8
  * Property 1:   0
  * Property 2:   0
  * Property 3:   0
  * Property 4:   0
  * Property 5:   0
  * Property 6:   0
  * Property 7:   0
  * Property 8:   0
  * Property 9:   0
  * Property A:   0
  * Property B:   0
  * Property C:   0
  * Property D:   0
  * Property E:   0
  * Property F:   0

Object Main ID:  F9
  Secondary ID:  05
+   # of Zones:   1
+   Zone Entry:  18
          XMin:  -8
          XMax:   8
          YMin:  -8
          YMax:   8
   Description: continue post (5th)
  * Property 0:   0
 - Description: property unknown
  # of Sprites:   1
  -Sprite 1 ID:   1
  -        Set:   0
  -  Direction:   0
  -       xoff:  -8
  -       yoff:  -8
  * Property 1:   0
  * Property 2:   0
  * Property 3:   0
  * Property 4:   0
  * Property 5:   0
  * Property 6:   0
  * Property 7:   0
  * Property 8:   0
  * Property 9:   0
  * Property A:   0
  * Property B:   0
  * Property C:   0
  * Property D:   0
  * Property E:   0
  * Property F:   0

Object Main ID:  A2
  Secondary ID:  00
+   # of Zones:   1
+   Zone Entry:  18
          XMin:  -8
          XMax:   8
          YMin:  -8
          YMax:   8
   Description: buzzbomber (ghz)
  * Property 0:   0
 - Description: property unknown
  # of Sprites:   1
  -Sprite 1 ID:   1
  -        Set:   0
  -  Direction:   0
  -       xoff:  -8
  -       yoff:  -8
  * Property 1:   0
  * Property 2:   0
  * Property 3:   0
  * Property 4:   0
  * Property 5:   0
  * Property 6:   0
  * Property 7:   0
  * Property 8:   0
  * Property 9:   0
  * Property A:   0
  * Property B:   0
  * Property C:   0
  * Property D:   0
  * Property E:   0
  * Property F:   0

Object Main ID:  9F
  Secondary ID:  00
+   # of Zones:   1
+   Zone Entry:  18
          XMin:  -8
          XMax:   8
          YMin:  -8
          YMax:   8
   Description: crab bot (ghz/syz)
  * Property 0:   0
 - Description: property unknown
  # of Sprites:   1
  -Sprite 1 ID:   1
  -        Set:   0
  -  Direction:   0
  -       xoff:  -8
  -       yoff:  -8
  * Property 1:   0
  * Property 2:   0
  * Property 3:   0
  * Property 4:   0
  * Property 5:   0
  * Property 6:   0
  * Property 7:   0
  * Property 8:   0
  * Property 9:   0
  * Property A:   0
  * Property B:   0
  * Property C:   0
  * Property D:   0
  * Property E:   0
  * Property F:   0

Object Main ID:  C0
  Secondary ID:  00
+   # of Zones:   1
+   Zone Entry:  18
          XMin:  -8
          XMax:   8
          YMin:  -8
          YMax:   8
   Description: motorbug (ghz)
  * Property 0:   0
 - Description: property unknown
  # of Sprites:   1
  -Sprite 1 ID:   1
  -        Set:   0
  -  Direction:   0
  -       xoff:  -8
  -       yoff:  -8
  * Property 1:   0
  * Property 2:   0
  * Property 3:   0
  * Property 4:   0
  * Property 5:   0
  * Property 6:   0
  * Property 7:   0
  * Property 8:   0
  * Property 9:   0
  * Property A:   0
  * Property B:   0
  * Property C:   0
  * Property D:   0
  * Property E:   0
  * Property F:   0

Object Main ID:  AB
  Secondary ID:  00
+   # of Zones:   1
+   Zone Entry:  18
          XMin:  -8
          XMax:   8
          YMin:  -8
          YMax:   8
   Description: pirhanabot (ghz)
  * Property 0:   0
 - Description: property unknown
  # of Sprites:   1
  -Sprite 1 ID:   1
  -        Set:   0
  -  Direction:   0
  -       xoff:  -8
  -       yoff:  -8
  * Property 1:   0
  * Property 2:   0
  * Property 3:   0
  * Property 4:   0
  * Property 5:   0
  * Property 6:   0
  * Property 7:   0
  * Property 8:   0
  * Property 9:   0
  * Property A:   0
  * Property B:   0
  * Property C:   0
  * Property D:   0
  * Property E:   0
  * Property F:   0

Object Main ID:  C2
  Secondary ID:  00
+   # of Zones:   1
+   Zone Entry:  18
          XMin:  -8
          XMax:   8
          YMin:  -8
          YMax:   8
   Description: cameleon (ghz)
  * Property 0:   0
 - Description: property unknown
  # of Sprites:   1
  -Sprite 1 ID:   1
  -        Set:   0
  -  Direction:   0
  -       xoff:  -8
  -       yoff:  -8
  * Property 1:   0
  * Property 2:   0
  * Property 3:   0
  * Property 4:   0
  * Property 5:   0
  * Property 6:   0
  * Property 7:   0
  * Property 8:   0
  * Property 9:   0
  * Property A:   0
  * Property B:   0
  * Property C:   0
  * Property D:   0
  * Property E:   0
  * Property F:   0

Object Main ID:  49
  Secondary ID:  00
+   # of Zones:   1
+   Zone Entry:  18
          XMin:  -8
          XMax:   8
          YMin:  -8
          YMax:   8
   Description: tag: bridge (place on top of bridge object)
  * Property 0:   0
 - Description: property unknown
  # of Sprites:   1
  -Sprite 1 ID:   1
  -        Set:   0
  -  Direction:   0
  -       xoff:  -8
  -       yoff:  -8
  * Property 1:   0
  * Property 2:   0
  * Property 3:   0
  * Property 4:   0
  * Property 5:   0
  * Property 6:   0
  * Property 7:   0
  * Property 8:   0
  * Property 9:   0
  * Property A:   0
  * Property B:   0
  * Property C:   0
  * Property D:   0
  * Property E:   0
  * Property F:   0

Object Main ID:  44
  Secondary ID:  00
+   # of Zones:   1
+   Zone Entry:  18
          XMin:  -8
          XMax:   8
          YMin:  -8
          YMax:   8
   Description: tag: solid barrier block (invisible)
  * Property 0:   0
 - Description: property unknown
  # of Sprites:   1
  -Sprite 1 ID:   1
  -        Set:   0
  -  Direction:   0
  -       xoff:  -8
  -       yoff:  -8
  * Property 1:   0
  * Property 2:   0
  * Property 3:   0
  * Property 4:   0
  * Property 5:   0
  * Property 6:   0
  * Property 7:   0
  * Property 8:   0
  * Property 9:   0
  * Property A:   0
  * Property B:   0
  * Property C:   0
  * Property D:   0
  * Property E:   0
  * Property F:   0

Object Main ID:  44
  Secondary ID:  01
+   # of Zones:   1
+   Zone Entry:  18
          XMin:  -8
          XMax:   8
          YMin:  -8
          YMax:   8
   Description: tag: solid barrier block (invisible)
  * Property 0:   0
 - Description: property unknown
  # of Sprites:   1
  -Sprite 1 ID:   1
  -        Set:   0
  -  Direction:   0
  -       xoff:  -8
  -       yoff:  -8
  * Property 1:   0
  * Property 2:   0
  * Property 3:   0
  * Property 4:   0
  * Property 5:   0
  * Property 6:   0
  * Property 7:   0
  * Property 8:   0
  * Property 9:   0
  * Property A:   0
  * Property B:   0
  * Property C:   0
  * Property D:   0
  * Property E:   0
  * Property F:   0

Object Main ID:  1C
  Secondary ID:  03
+   # of Zones:   1
+   Zone Entry:  18
          XMin:  -8
          XMax:   8
          YMin:  -8
          YMax:   8
   Description: bridge stump 
  * Property 0:   0
 - Description: goes on right of bridge
  # of Sprites:   1
  -Sprite 1 ID:   1
  -        Set:   0
  -  Direction:   0
  -       xoff:  -8
  -       yoff:  -8
  * Property 1:   0
  * Property 2:   0
  * Property 3:   0
  * Property 4:   4
 - Description: goes on left of bridge
  # of Sprites:   1
  -Sprite 1 ID:   1
  -        Set:   0
  -  Direction:   0
  -       xoff:  -8
  -       yoff:  -8
  * Property 5:   0
  * Property 6:   0
  * Property 7:   0
  * Property 8:   0
  * Property 9:   0
  * Property A:   0
  * Property B:   0
  * Property C:   0
  * Property D:   0
  * Property E:   0
  * Property F:   0

Object Main ID:  11
  Secondary ID:  06
+   # of Zones:   1
+   Zone Entry:  18
          XMin:  -8
          XMax:   8
          YMin:  -8
          YMax:   8
   Description: bridge (6 blocks)
  * Property 0:   0
 - Description: property unknown
  # of Sprites:   1
  -Sprite 1 ID:   1
  -        Set:   0
  -  Direction:   0
  -       xoff:  -8
  -       yoff:  -8
  * Property 1:   0
  * Property 2:   0
  * Property 3:   0
  * Property 4:   0
  * Property 5:   0
  * Property 6:   0
  * Property 7:   0
  * Property 8:   0
  * Property 9:   0
  * Property A:   0
  * Property B:   0
  * Property C:   0
  * Property D:   0
  * Property E:   0
  * Property F:   0

Object Main ID:  11
  Secondary ID:  07
+   # of Zones:   1
+   Zone Entry:  18
          XMin:  -8
          XMax:   8
          YMin:  -8
          YMax:   8
   Description: bridge (7 blocks)
  * Property 0:   0
 - Description: property unknown
  # of Sprites:   1
  -Sprite 1 ID:   1
  -        Set:   0
  -  Direction:   0
  -       xoff:  -8
  -       yoff:  -8
  * Property 1:   0
  * Property 2:   0
  * Property 3:   0
  * Property 4:   0
  * Property 5:   0
  * Property 6:   0
  * Property 7:   0
  * Property 8:   0
  * Property 9:   0
  * Property A:   0
  * Property B:   0
  * Property C:   0
  * Property D:   0
  * Property E:   0
  * Property F:   0

Object Main ID:  11
  Secondary ID:  08
+   # of Zones:   1
+   Zone Entry:  18
          XMin:  -8
          XMax:   8
          YMin:  -8
          YMax:   8
   Description: bridge (8 blocks)
  * Property 0:   0
 - Description: property unknown
  # of Sprites:   1
  -Sprite 1 ID:   1
  -        Set:   0
  -  Direction:   0
  -       xoff:  -8
  -       yoff:  -8
  * Property 1:   0
  * Property 2:   0
  * Property 3:   0
  * Property 4:   0
  * Property 5:   0
  * Property 6:   0
  * Property 7:   0
  * Property 8:   0
  * Property 9:   0
  * Property A:   0
  * Property B:   0
  * Property C:   0
  * Property D:   0
  * Property E:   0
  * Property F:   0

Object Main ID:  11
  Secondary ID:  09
+   # of Zones:   1
+   Zone Entry:  18
          XMin:  -8
          XMax:   8
          YMin:  -8
          YMax:   8
   Description: bridge (9 blocks)
  * Property 0:   0
 - Description: property unknown
  # of Sprites:   1
  -Sprite 1 ID:   1
  -        Set:   0
  -  Direction:   0
  -       xoff:  -8
  -       yoff:  -8
  * Property 1:   0
  * Property 2:   0
  * Property 3:   0
  * Property 4:   0
  * Property 5:   0
  * Property 6:   0
  * Property 7:   0
  * Property 8:   0
  * Property 9:   0
  * Property A:   0
  * Property B:   0
  * Property C:   0
  * Property D:   0
  * Property E:   0
  * Property F:   0

Object Main ID:  11
  Secondary ID:  0A
+   # of Zones:   1
+   Zone Entry:  18
          XMin:  -8
          XMax:   8
          YMin:  -8
          YMax:   8
   Description: bridge (10 blocks)
  * Property 0:   0
 - Description: property unknown
  # of Sprites:   1
  -Sprite 1 ID:   1
  -        Set:   0
  -  Direction:   0
  -       xoff:  -8
  -       yoff:  -8
  * Property 1:   0
  * Property 2:   0
  * Property 3:   0
  * Property 4:   0
  * Property 5:   0
  * Property 6:   0
  * Property 7:   0
  * Property 8:   0
  * Property 9:   0
  * Property A:   0
  * Property B:   0
  * Property C:   0
  * Property D:   0
  * Property E:   0
  * Property F:   0

Object Main ID:  11
  Secondary ID:  0B
+   # of Zones:   1
+   Zone Entry:  18
          XMin:  -8
          XMax:   8
          YMin:  -8
          YMax:   8
   Description: bridge (11 blocks)
  * Property 0:   0
 - Description: property unknown
  # of Sprites:   1
  -Sprite 1 ID:   1
  -        Set:   0
  -  Direction:   0
  -       xoff:  -8
  -       yoff:  -8
  * Property 1:   0
  * Property 2:   0
  * Property 3:   0
  * Property 4:   0
  * Property 5:   0
  * Property 6:   0
  * Property 7:   0
  * Property 8:   0
  * Property 9:   0
  * Property A:   0
  * Property B:   0
  * Property C:   0
  * Property D:   0
  * Property E:   0
  * Property F:   0

Object Main ID:  11
  Secondary ID:  0C
+   # of Zones:   1
+   Zone Entry:  18
          XMin:  -8
          XMax:   8
          YMin:  -8
          YMax:   8
   Description: bridge (12 blocks)
  * Property 0:   0
 - Description: property unknown
  # of Sprites:   1
  -Sprite 1 ID:   1
  -        Set:   0
  -  Direction:   0
  -       xoff:  -8
  -       yoff:  -8
  * Property 1:   0
  * Property 2:   0
  * Property 3:   0
  * Property 4:   0
  * Property 5:   0
  * Property 6:   0
  * Property 7:   0
  * Property 8:   0
  * Property 9:   0
  * Property A:   0
  * Property B:   0
  * Property C:   0
  * Property D:   0
  * Property E:   0
  * Property F:   0

Object Main ID:  11
  Secondary ID:  0D
+   # of Zones:   1
+   Zone Entry:  18
          XMin:  -8
          XMax:   8
          YMin:  -8
          YMax:   8
   Description: bridge (13 blocks)
  * Property 0:   0
 - Description: property unknown
  # of Sprites:   1
  -Sprite 1 ID:   1
  -        Set:   0
  -  Direction:   0
  -       xoff:  -8
  -       yoff:  -8
  * Property 1:   0
  * Property 2:   0
  * Property 3:   0
  * Property 4:   0
  * Property 5:   0
  * Property 6:   0
  * Property 7:   0
  * Property 8:   0
  * Property 9:   0
  * Property A:   0
  * Property B:   0
  * Property C:   0
  * Property D:   0
  * Property E:   0
  * Property F:   0

Object Main ID:  11
  Secondary ID:  0E
+   # of Zones:   1
+   Zone Entry:  18
          XMin:  -8
          XMax:   8
          YMin:  -8
          YMax:   8
   Description: bridge (14 blocks)
  * Property 0:   0
 - Description: property unknown
  # of Sprites:   1
  -Sprite 1 ID:   1
  -        Set:   0
  -  Direction:   0
  -       xoff:  -8
  -       yoff:  -8
  * Property 1:   0
  * Property 2:   0
  * Property 3:   0
  * Property 4:   0
  * Property 5:   0
  * Property 6:   0
  * Property 7:   0
  * Property 8:   0
  * Property 9:   0
  * Property A:   0
  * Property B:   0
  * Property C:   0
  * Property D:   0
  * Property E:   0
  * Property F:   0

Object Main ID:  11
  Secondary ID:  0F
+   # of Zones:   1
+   Zone Entry:  18
          XMin:  -8
          XMax:   8
          YMin:  -8
          YMax:   8
   Description: bridge (15 blocks)
  * Property 0:   0
 - Description: property unknown
  # of Sprites:   1
  -Sprite 1 ID:   1
  -        Set:   0
  -  Direction:   0
  -       xoff:  -8
  -       yoff:  -8
  * Property 1:   0
  * Property 2:   0
  * Property 3:   0
  * Property 4:   0
  * Property 5:   0
  * Property 6:   0
  * Property 7:   0
  * Property 8:   0
  * Property 9:   0
  * Property A:   0
  * Property B:   0
  * Property C:   0
  * Property D:   0
  * Property E:   0
  * Property F:   0

Object Main ID:  11
  Secondary ID:  10
+   # of Zones:   1
+   Zone Entry:  18
          XMin:  -8
          XMax:   8
          YMin:  -8
          YMax:   8
   Description: bridge (16 blocks)
  * Property 0:   0
 - Description: property unknown
  # of Sprites:   1
  -Sprite 1 ID:   1
  -        Set:   0
  -  Direction:   0
  -       xoff:  -8
  -       yoff:  -8
  * Property 1:   0
  * Property 2:   0
  * Property 3:   0
  * Property 4:   0
  * Property 5:   0
  * Property 6:   0
  * Property 7:   0
  * Property 8:   0
  * Property 9:   0
  * Property A:   0
  * Property B:   0
  * Property C:   0
  * Property D:   0
  * Property E:   0
  * Property F:   0

Object Main ID:  3B
  Secondary ID:  00
+   # of Zones:   1
+   Zone Entry:  18
          XMin:  -8
          XMax:   8
          YMin:  -8
          YMax:   8
   Description: rock (ghz)
  * Property 0:   0
 - Description: property unknown
  # of Sprites:   1
  -Sprite 1 ID:   1
  -        Set:   0
  -  Direction:   0
  -       xoff:  -8
  -       yoff:  -8
  * Property 1:   0
  * Property 2:   0
  * Property 3:   0
  * Property 4:   0
  * Property 5:   0
  * Property 6:   0
  * Property 7:   0
  * Property 8:   0
  * Property 9:   0
  * Property A:   0
  * Property B:   0
  * Property C:   0
  * Property D:   0
  * Property E:   0
  * Property F:   0

Object Main ID:  18
  Secondary ID:  01
+   # of Zones:   1
+   Zone Entry:  18
          XMin:  -8
          XMax:   8
          YMin:  -8
          YMax:   8
   Description: platform (moves left and right)
  * Property 0:   0
 - Description: property unknown
  # of Sprites:   1
  -Sprite 1 ID:   1
  -        Set:   0
  -  Direction:   0
  -       xoff:  -8
  -       yoff:  -8
  * Property 1:   0
  * Property 2:   0
  * Property 3:   0
  * Property 4:   0
  * Property 5:   0
  * Property 6:   0
  * Property 7:   0
  * Property 8:   0
  * Property 9:   0
  * Property A:   0
  * Property B:   0
  * Property C:   0
  * Property D:   0
  * Property E:   0
  * Property F:   0

Object Main ID:  18
  Secondary ID:  02
+   # of Zones:   1
+   Zone Entry:  18
          XMin:  -8
          XMax:   8
          YMin:  -8
          YMax:   8
   Description: platform (moves up and down)
  * Property 0:   0
 - Description: property unknown
  # of Sprites:   1
  -Sprite 1 ID:   1
  -        Set:   0
  -  Direction:   0
  -       xoff:  -8
  -       yoff:  -8
  * Property 1:   0
  * Property 2:   0
  * Property 3:   0
  * Property 4:   0
  * Property 5:   0
  * Property 6:   0
  * Property 7:   0
  * Property 8:   0
  * Property 9:   0
  * Property A:   0
  * Property B:   0
  * Property C:   0
  * Property D:   0
  * Property E:   0
  * Property F:   0

Object Main ID:  18
  Secondary ID:  03
+   # of Zones:   1
+   Zone Entry:  18
          XMin:  -8
          XMax:   8
          YMin:  -8
          YMax:   8
   Description: platform (falls when stood on)
  * Property 0:   0
 - Description: property unknown
  # of Sprites:   1
  -Sprite 1 ID:   1
  -        Set:   0
  -  Direction:   0
  -       xoff:  -8
  -       yoff:  -8
  * Property 1:   0
  * Property 2:   0
  * Property 3:   0
  * Property 4:   0
  * Property 5:   0
  * Property 6:   0
  * Property 7:   0
  * Property 8:   0
  * Property 9:   0
  * Property A:   0
  * Property B:   0
  * Property C:   0
  * Property D:   0
  * Property E:   0
  * Property F:   0

Object Main ID:  A5
  Secondary ID:  10
+   # of Zones:   1
+   Zone Entry:  18
          XMin:  -8
          XMax:   8
          YMin:  -8
          YMax:   8
   Description: 1 ring
  * Property 0:   0
 - Description: property unknown
  # of Sprites:   1
  -Sprite 1 ID:   0
  -        Set:   0
  -  Direction:   0
  -       xoff:  -8
  -       yoff:  -8
  * Property 1:   0
  * Property 2:   0
  * Property 3:   0
  * Property 4:   0
  * Property 5:   0
  * Property 6:   0
  * Property 7:   0
  * Property 8:   0
  * Property 9:   0
  * Property A:   0
  * Property B:   0
  * Property C:   0
  * Property D:   0
  * Property E:   0
  * Property F:   0

Object Main ID:  A5
  Secondary ID:  11
+   # of Zones:   1
+   Zone Entry:  18
          XMin:  -8
          XMax:  16
          YMin:  -8
          YMax:   8
   Description: 2 rings
  * Property 0:   0
 - Description: property unknown
  # of Sprites:   2
  -Sprite 1 ID:   0
  -        Set:   0
  -  Direction:   0
  -       xoff:  -8
  -       yoff:  -8
  -Sprite 2 ID:   0
  -        Set:   0
  -  Direction:   0
  -       xoff:  16
  -       yoff:  -8
  * Property 1:   0
  * Property 2:   0
  * Property 3:   0
  * Property 4:   0
  * Property 5:   0
  * Property 6:   0
  * Property 7:   0
  * Property 8:   0
  * Property 9:   0
  * Property A:   0
  * Property B:   0
  * Property C:   0
  * Property D:   0
  * Property E:   0
  * Property F:   0

Object Main ID:  A5
  Secondary ID:  12
+   # of Zones:   1
+   Zone Entry:  18
          XMin:  -8
          XMax:  40
          YMin:  -8
          YMax:   8
   Description: 3 rings
  * Property 0:   0
 - Description: property unknown
  # of Sprites:   3
  -Sprite 1 ID:   0
  -        Set:   0
  -  Direction:   0
  -       xoff:  -8
  -       yoff:  -8
  -Sprite 2 ID:   0
  -        Set:   0
  -  Direction:   0
  -       xoff:  16
  -       yoff:  -8
  -Sprite 3 ID:   0
  -        Set:   0
  -  Direction:   0
  -       xoff:  40
  -       yoff:  -8
  * Property 1:   0
  * Property 2:   0
  * Property 3:   0
  * Property 4:   0
  * Property 5:   0
  * Property 6:   0
  * Property 7:   0
  * Property 8:   0
  * Property 9:   0
  * Property A:   0
  * Property B:   0
  * Property C:   0
  * Property D:   0
  * Property E:   0
  * Property F:   0

Object Main ID:  A5
  Secondary ID:  13
+   # of Zones:   1
+   Zone Entry:  18
          XMin:  -8
          XMax:  64
          YMin:  -8
          YMax:   8
   Description: 4 rings
  * Property 0:   0
 - Description: property unknown
  # of Sprites:   4
  -Sprite 1 ID:   0
  -        Set:   0
  -  Direction:   0
  -       xoff:  -8
  -       yoff:  -8
  -Sprite 2 ID:   0
  -        Set:   0
  -  Direction:   0
  -       xoff:  16
  -       yoff:  -8
  -Sprite 3 ID:   0
  -        Set:   0
  -  Direction:   0
  -       xoff:  40
  -       yoff:  -8
  -Sprite 4 ID:   0
  -        Set:   0
  -  Direction:   0
  -       xoff:  64
  -       yoff:  -8
  * Property 1:   0
  * Property 2:   0
  * Property 3:   0
  * Property 4:   0
  * Property 5:   0
  * Property 6:   0
  * Property 7:   0
  * Property 8:   0
  * Property 9:   0
  * Property A:   0
  * Property B:   0
  * Property C:   0
  * Property D:   0
  * Property E:   0
  * Property F:   0

Object Main ID:  A5
  Secondary ID:  14
+   # of Zones:   1
+   Zone Entry:  18
          XMin:  -8
          XMax:  88
          YMin:  -8
          YMax:   8
   Description: 5 rings
  * Property 0:   0
 - Description: property unknown
  # of Sprites:   5
  -Sprite 1 ID:   0
  -        Set:   0
  -  Direction:   0
  -       xoff:  -8
  -       yoff:  -8
  -Sprite 2 ID:   0
  -        Set:   0
  -  Direction:   0
  -       xoff:  16
  -       yoff:  -8
  -Sprite 3 ID:   0
  -        Set:   0
  -  Direction:   0
  -       xoff:  40
  -       yoff:  -8
  -Sprite 4 ID:   0
  -        Set:   0
  -  Direction:   0
  -       xoff:  64
  -       yoff:  -8
  -Sprite 5 ID:   0
  -        Set:   0
  -  Direction:   0
  -       xoff:  88
  -       yoff:  -8
  * Property 1:   0
  * Property 2:   0
  * Property 3:   0
  * Property 4:   0
  * Property 5:   0
  * Property 6:   0
  * Property 7:   0
  * Property 8:   0
  * Property 9:   0
  * Property A:   0
  * Property B:   0
  * Property C:   0
  * Property D:   0
  * Property E:   0
  * Property F:   0

Object Main ID:  A5
  Secondary ID:  15
+   # of Zones:   1
+   Zone Entry:  18
          XMin:  -8
          XMax:  112
          YMin:  -8
          YMax:   8
   Description: 6 rings
  * Property 0:   0
 - Description: property unknown
  # of Sprites:   6
  -Sprite 1 ID:   0
  -        Set:   0
  -  Direction:   0
  -       xoff:  -8
  -       yoff:  -8
  -Sprite 2 ID:   0
  -        Set:   0
  -  Direction:   0
  -       xoff:  16
  -       yoff:  -8
  -Sprite 3 ID:   0
  -        Set:   0
  -  Direction:   0
  -       xoff:  40
  -       yoff:  -8
  -Sprite 4 ID:   0
  -        Set:   0
  -  Direction:   0
  -       xoff:  64
  -       yoff:  -8
  -Sprite 5 ID:   0
  -        Set:   0
  -  Direction:   0
  -       xoff:  88
  -       yoff:  -8
  -Sprite 6 ID:   0
  -        Set:   0
  -  Direction:   0
  -       xoff:  112
  -       yoff:  -8
  * Property 1:   0
  * Property 2:   0
  * Property 3:   0
  * Property 4:   0
  * Property 5:   0
  * Property 6:   0
  * Property 7:   0
  * Property 8:   0
  * Property 9:   0
  * Property A:   0
  * Property B:   0
  * Property C:   0
  * Property D:   0
  * Property E:   0
  * Property F:   0

Object Main ID:  A5
  Secondary ID:  40
+   # of Zones:   1
+   Zone Entry:  18
          XMin:  -8
          XMax:   8
          YMin:  -8
          YMax:   8
   Description: 1 ring
  * Property 0:   0
 - Description: property unknown
  # of Sprites:   1
  -Sprite 1 ID:   0
  -        Set:   0
  -  Direction:   0
  -       xoff:  -8
  -       yoff:  -8
  * Property 1:   0
  * Property 2:   0
  * Property 3:   0
  * Property 4:   0
  * Property 5:   0
  * Property 6:   0
  * Property 7:   0
  * Property 8:   0
  * Property 9:   0
  * Property A:   0
  * Property B:   0
  * Property C:   0
  * Property D:   0
  * Property E:   0
  * Property F:   0

Object Main ID:  A5
  Secondary ID:  41
+   # of Zones:   1
+   Zone Entry:  18
          XMin:  -8
          XMax:   8
          YMin:  -8
          YMax:  16
   Description: 2 rings
  * Property 0:   0
 - Description: property unknown
  # of Sprites:   2
  -Sprite 1 ID:   0
  -        Set:   0
  -  Direction:   0
  -       xoff:  -8
  -       yoff:  -8
  -Sprite 2 ID:   0
  -        Set:   0
  -  Direction:   0
  -       xoff:  -8
  -       yoff:  16
  * Property 1:   0
  * Property 2:   0
  * Property 3:   0
  * Property 4:   0
  * Property 5:   0
  * Property 6:   0
  * Property 7:   0
  * Property 8:   0
  * Property 9:   0
  * Property A:   0
  * Property B:   0
  * Property C:   0
  * Property D:   0
  * Property E:   0
  * Property F:   0

Object Main ID:  A5
  Secondary ID:  42
+   # of Zones:   1
+   Zone Entry:  18
          XMin:  -8
          XMax:   8
          YMin:  -8
          YMax:  40
   Description: 3 rings
  * Property 0:   0
 - Description: property unknown
  # of Sprites:   3
  -Sprite 1 ID:   0
  -        Set:   0
  -  Direction:   0
  -       xoff:  -8
  -       yoff:  -8
  -Sprite 2 ID:   0
  -        Set:   0
  -  Direction:   0
  -       xoff:  -8
  -       yoff:  16
  -Sprite 3 ID:   0
  -        Set:   0
  -  Direction:   0
  -       xoff:  -8
  -       yoff:  40
  * Property 1:   0
  * Property 2:   0
  * Property 3:   0
  * Property 4:   0
  * Property 5:   0
  * Property 6:   0
  * Property 7:   0
  * Property 8:   0
  * Property 9:   0
  * Property A:   0
  * Property B:   0
  * Property C:   0
  * Property D:   0
  * Property E:   0
  * Property F:   0

Object Main ID:  A5
  Secondary ID:  43
+   # of Zones:   1
+   Zone Entry:  18
          XMin:  -8
          XMax:   8
          YMin:  -8
          YMax:  64
   Description: 4 rings
  * Property 0:   0
 - Description: property unknown
  # of Sprites:   4
  -Sprite 1 ID:   0
  -        Set:   0
  -  Direction:   0
  -       xoff:  -8
  -       yoff:  -8
  -Sprite 2 ID:   0
  -        Set:   0
  -  Direction:   0
  -       xoff:  -8
  -       yoff:  16
  -Sprite 3 ID:   0
  -        Set:   0
  -  Direction:   0
  -       xoff:  -8
  -       yoff:  40
  -Sprite 4 ID:   0
  -        Set:   0
  -  Direction:   0
  -       xoff:  -8
  -       yoff:  64
  * Property 1:   0
  * Property 2:   0
  * Property 3:   0
  * Property 4:   0
  * Property 5:   0
  * Property 6:   0
  * Property 7:   0
  * Property 8:   0
  * Property 9:   0
  * Property A:   0
  * Property B:   0
  * Property C:   0
  * Property D:   0
  * Property E:   0
  * Property F:   0

Object Main ID:  A5
  Secondary ID:  44
+   # of Zones:   1
+   Zone Entry:  18
          XMin:  -8
          XMax:   8
          YMin:  -8
          YMax:  88
   Description: 5 rings
  * Property 0:   0
 - Description: property unknown
  # of Sprites:   5
  -Sprite 1 ID:   0
  -        Set:   0
  -  Direction:   0
  -       xoff:  -8
  -       yoff:  -8
  -Sprite 2 ID:   0
  -        Set:   0
  -  Direction:   0
  -       xoff:  -8
  -       yoff:  16
  -Sprite 3 ID:   0
  -        Set:   0
  -  Direction:   0
  -       xoff:  -8
  -       yoff:  40
  -Sprite 4 ID:   0
  -        Set:   0
  -  Direction:   0
  -       xoff:  -8
  -       yoff:  64
  -Sprite 5 ID:   0
  -        Set:   0
  -  Direction:   0
  -       xoff:  -8
  -       yoff:  88 
  * Property 1:   0
  * Property 2:   0
  * Property 3:   0
  * Property 4:   0
  * Property 5:   0
  * Property 6:   0
  * Property 7:   0
  * Property 8:   0
  * Property 9:   0
  * Property A:   0
  * Property B:   0
  * Property C:   0
  * Property D:   0
  * Property E:   0
  * Property F:   0

Object Main ID:  A5
  Secondary ID:  45
+   # of Zones:   1
+   Zone Entry:  18
          XMin:  -8
          XMax:   8
          YMin:  -8
          YMax:  112
   Description: 6 rings
  * Property 0:   0
 - Description: property unknown
  # of Sprites:   6
  -Sprite 1 ID:   0
  -        Set:   0
  -  Direction:   0
  -       xoff:  -8
  -       yoff:  -8
  -Sprite 2 ID:   0
  -        Set:   0
  -  Direction:   0
  -       xoff:  -8
  -       yoff:  16
  -Sprite 3 ID:   0
  -        Set:   0
  -  Direction:   0
  -       xoff:  -8
  -       yoff:  40
  -Sprite 4 ID:   0
  -        Set:   0
  -  Direction:   0
  -       xoff:  -8
  -       yoff:  64
  -Sprite 5 ID:   0
  -        Set:   0
  -  Direction:   0
  -       xoff:  -8
  -       yoff:  88 
  -Sprite 6 ID:   0
  -        Set:   0
  -  Direction:   0
  -       xoff:  -8
  -       yoff:  112 
  * Property 1:   0
  * Property 2:   0
  * Property 3:   0
  * Property 4:   0
  * Property 5:   0
  * Property 6:   0
  * Property 7:   0
  * Property 8:   0
  * Property 9:   0
  * Property A:   0
  * Property B:   0
  * Property C:   0
  * Property D:   0
  * Property E:   0
  * Property F:   0

Object Main ID:  BC
  Secondary ID:  00
+   # of Zones:   1
+   Zone Entry:  18
          XMin:  -8
          XMax:   8
          YMin:  -8
          YMax:   8
   Description: smashable wall (ghz)
  * Property 0:   0
 - Description: property unknown
  # of Sprites:   1
  -Sprite 1 ID:   1
  -        Set:   0
  -  Direction:   0
  -       xoff:  -8
  -       yoff:  -8
  * Property 1:   0
  * Property 2:   0
  * Property 3:   0
  * Property 4:   0
  * Property 5:   0
  * Property 6:   0
  * Property 7:   0
  * Property 8:   0
  * Property 9:   0
  * Property A:   0
  * Property B:   0
  * Property C:   0
  * Property D:   0
  * Property E:   0
  * Property F:   0

Object Main ID:  41
  Secondary ID:  10
+   # of Zones:   1
+   Zone Entry:  18
          XMin:  -8
          XMax:   8
          YMin:  -8
          YMax:   8
   Description: spring (left)
  * Property 0:   0
 - Description: property unknown
  # of Sprites:   1
  -Sprite 1 ID:   1
  -        Set:   0
  -  Direction:   0
  -       xoff:  -8
  -       yoff:  -8
  * Property 1:   0
  * Property 2:   0
  * Property 3:   0
  * Property 4:   0
  * Property 5:   0
  * Property 6:   0
  * Property 7:   0
  * Property 8:   0
  * Property 9:   0
  * Property A:   0
  * Property B:   0
  * Property C:   0
  * Property D:   0
  * Property E:   0
  * Property F:   0

Object Main ID:  15
  Secondary ID:  08
+   # of Zones:   1
+   Zone Entry:  18
          XMin:  -8
          XMax:   8
          YMin:  -8
          YMax:   8
   Description: swing platform
  * Property 0:   0
 - Description: property unknown
  # of Sprites:   1
  -Sprite 1 ID:   1
  -        Set:   0
  -  Direction:   0
  -       xoff:  -8
  -       yoff:  -8
  * Property 1:   0
  * Property 2:   0
  * Property 3:   0
  * Property 4:   0
  * Property 5:   0
  * Property 6:   0
  * Property 7:   0
  * Property 8:   0
  * Property 9:   0
  * Property A:   0
  * Property B:   0
  * Property C:   0
  * Property D:   0
  * Property E:   0
  * Property F:   0

Object Main ID:  18
  Secondary ID:  0A
+   # of Zones:   1
+   Zone Entry:  18
          XMin:  -8
          XMax:   8
          YMin:  -8
          YMax:   8
   Description: moving pillar (up and down)
  * Property 0:   0
 - Description: property unknown
  # of Sprites:   1
  -Sprite 1 ID:   1
  -        Set:   0
  -  Direction:   0
  -       xoff:  -8
  -       yoff:  -8
  * Property 1:   0
  * Property 2:   0
  * Property 3:   0
  * Property 4:   0
  * Property 5:   0
  * Property 6:   0
  * Property 7:   0
  * Property 8:   0
  * Property 9:   0
  * Property A:   0
  * Property B:   0
  * Property C:   0
  * Property D:   0
  * Property E:   0
  * Property F:   0

Object Main ID:  0D
  Secondary ID:  00
+   # of Zones:   1
+   Zone Entry:  18
          XMin:  -8
          XMax:   8
          YMin:  -8
          YMax:   8
   Description: end of level signpost
  * Property 0:   0
 - Description: property unknown
  # of Sprites:   1
  -Sprite 1 ID:   1
  -        Set:   0
  -  Direction:   0
  -       xoff:  -8
  -       yoff:  -8
  * Property 1:   0
  * Property 2:   0
  * Property 3:   0
  * Property 4:   0
  * Property 5:   0
  * Property 6:   0
  * Property 7:   0
  * Property 8:   0
  * Property 9:   0
  * Property A:   0
  * Property B:   0
  * Property C:   0
  * Property D:   0
  * Property E:   0
  * Property F:   0

Object Main ID:  18
  Secondary ID:  00
+   # of Zones:   1
+   Zone Entry:  18
          XMin:  -8
          XMax:   8
          YMin:  -8
          YMax:   8
   Description: platform (still)
  * Property 0:   0
 - Description: property unknown
  # of Sprites:   1
  -Sprite 1 ID:   1
  -        Set:   0
  -  Direction:   0
  -       xoff:  -8
  -       yoff:  -8
  * Property 1:   0
  * Property 2:   0
  * Property 3:   0
  * Property 4:   0
  * Property 5:   0
  * Property 6:   0
  * Property 7:   0
  * Property 8:   0
  * Property 9:   0
  * Property A:   0
  * Property B:   0
  * Property C:   0
  * Property D:   0
  * Property E:   0
  * Property F:   0

Object Main ID:  3E
  Secondary ID:  00
+   # of Zones:   1
+   Zone Entry:  18
          XMin:  -8
          XMax:   8
          YMin:  -8
          YMax:   8
   Description: end of level capsule
  * Property 0:   0
 - Description: property unknown
  # of Sprites:   1
  -Sprite 1 ID:   1
  -        Set:   0
  -  Direction:   0
  -       xoff:  -8
  -       yoff:  -8
  * Property 1:   0
  * Property 2:   0
  * Property 3:   0
  * Property 4:   0
  * Property 5:   0
  * Property 6:   0
  * Property 7:   0
  * Property 8:   0
  * Property 9:   0
  * Property A:   0
  * Property B:   0
  * Property C:   0
  * Property D:   0
  * Property E:   0
  * Property F:   0

Object Main ID:  3E
  Secondary ID:  01
+   # of Zones:   1
+   Zone Entry:  18
          XMin:  -8
          XMax:   8
          YMin:  -8
          YMax:   8
   Description: end of level capsule (button)
  * Property 0:   0
 - Description: property unknown
  # of Sprites:   1
  -Sprite 1 ID:   1
  -        Set:   0
  -  Direction:   0
  -       xoff:  -8
  -       yoff:  -8
  * Property 1:   0
  * Property 2:   0
  * Property 3:   0
  * Property 4:   0
  * Property 5:   0
  * Property 6:   0
  * Property 7:   0
  * Property 8:   0
  * Property 9:   0
  * Property A:   0
  * Property B:   0
  * Property C:   0
  * Property D:   0
  * Property E:   0
  * Property F:   0


